<?xml version="1.0" encoding="UTF-8" ?>
<testsuite failures="0" time="0.02" errors="0" skipped="0" tests="5" name="com.api.rate.limiter.ApiRateLimiter.TestSlidingWindowRateLimiter">
  <properties>
    <property name="java.runtime.name" value="Java(TM) SE Runtime Environment"/>
    <property name="sun.boot.library.path" value="D:\java\jdk1.7.0_85\jre\bin"/>
    <property name="java.vm.version" value="24.85-b06"/>
    <property name="java.vm.vendor" value="Oracle Corporation"/>
    <property name="maven.multiModuleProjectDirectory" value="D:\java\workspace\LeetCode\ApiRateLimiter"/>
    <property name="java.vendor.url" value="http://java.oracle.com/"/>
    <property name="path.separator" value=";"/>
    <property name="guice.disable.misplaced.annotation.check" value="true"/>
    <property name="java.vm.name" value="Java HotSpot(TM) 64-Bit Server VM"/>
    <property name="file.encoding.pkg" value="sun.io"/>
    <property name="user.script" value=""/>
    <property name="user.country" value="US"/>
    <property name="sun.java.launcher" value="SUN_STANDARD"/>
    <property name="sun.os.patch.level" value=""/>
    <property name="java.vm.specification.name" value="Java Virtual Machine Specification"/>
    <property name="user.dir" value="D:\java\workspace\LeetCode\ApiRateLimiter"/>
    <property name="java.runtime.version" value="1.7.0_85-b15"/>
    <property name="java.awt.graphicsenv" value="sun.awt.Win32GraphicsEnvironment"/>
    <property name="java.endorsed.dirs" value="D:\java\jdk1.7.0_85\jre\lib\endorsed"/>
    <property name="os.arch" value="amd64"/>
    <property name="java.io.tmpdir" value="C:\Users\KENARA~1\AppData\Local\Temp\"/>
    <property name="line.separator" value="
"/>
    <property name="java.vm.specification.vendor" value="Oracle Corporation"/>
    <property name="user.variant" value=""/>
    <property name="os.name" value="Windows 8.1"/>
    <property name="classworlds.conf" value="D:\java\workspace\LeetCode\.metadata\.plugins\org.eclipse.m2e.launching\launches\m2conf6724537874414882807.tmp"/>
    <property name="sun.jnu.encoding" value="Cp1252"/>
    <property name="java.library.path" value="D:\java\jdk1.7.0_85\bin;C:\WINDOWS\Sun\Java\bin;C:\WINDOWS\system32;C:\WINDOWS;C:/java/jdk1.7.0_241/bin/../jre/bin/server;C:/java/jdk1.7.0_241/bin/../jre/bin;C:/java/jdk1.7.0_241/bin/../jre/lib/amd64;C:\Program Files (x86)\IBM\RationalSDLC\common;C:\windows\system32;C:\windows;C:\windows\System32\Wbem;C:\windows\System32\WindowsPowerShell\v1.0\;C:\Program Files (x86)\WebEx\Productivity Tools;C:\Program Files (x86)\Sennheiser\SoftphoneSDK\;C:\java\jdk1.7.0_241\bin;C:\java\apache-maven-3.0.4\bin;D:\java\iPlanet\Servers\bin;D:\java\bea11\wlserver_10.3\lib;C:\Users\kenarayan\AppData\Local\Microsoft\WindowsApps;C:\Program Files\Oracle\VirtualBox;c:\Program Files\Microsoft SQL Server\110\Tools\Binn\;c:\Program Files (x86)\Microsoft SQL Server\110\Tools\Binn\ManagementStudio\;c:\Program Files (x86)\Microsoft SQL Server\110\Tools\Binn\;c:\Program Files (x86)\Microsoft SQL Server\110\DTS\Binn\;C:\Program Files\Git\cmd;D:\Python3.6\Scripts\;D:\Python3.6\;C:\Program Files (x86)\Git\bin;D:\java\SoapShooter;C:\Program Files (x86)\IBM\RationalSDLC\ClearCase\bin;C:\Program Files (x86)\IBM\gsk8\lib;C:\Program Files (x86)\IBM\gsk8\bin;C:\Program Files (x86)\IBM\RationalSDLC\ClearCase\RemoteClient\cteapis;C:\Program Files\nodejs\;C:\Program Files\Git\mingw64\bin;D:\java\phantomjs-2.1.1-windows\bin;C:\Program Files\PuTTY\;D:\java\Fiddler;C:\Users\kenarayan\AppData\Roaming\npm;C:\Users\kenarayan\AppData\Local\atom\bin;C:\Program Files (x86)\Webex\Webex\Applications;C:\ProgramData\Microsoft\Windows\Start Menu\Programs\Cygwin;C:\cygnus\cygwin~1\h-i586~1\bin;C:\WINDOWS\system32;C:\WINDOWS;C:\WINDOWS\System32\Wbem;C:\WINDOWS\System32\WindowsPowerShell\v1.0\;D:\java\gradle-4.2.1\bin;D:\java\G-SDK\google-cloud-sdk\bin;D:\java\sonar-runner-2.4\bin;C:\Program Files\doxygen\bin;C:\Program Files (x86)\Intel\Intel(R) Management Engine Components\DAL;C:\Program Files\Intel\Intel(R) Management Engine Components\DAL;D:\java\cwRsync_5.7.1_x86_free\bin;C:\ProgramData\chocolatey\bin;C:\Users\kenarayan\praxis\bin;D:\java\bea11\wlserver_10.3;D:\java\Graphviz2.38\bin;D:\java\PostgreSQL\bin;D:\java\PostgreSQL\lib;C:\Program Files\heroku\bin;C:\Program Files (x86)\HP\LoadRunner\strawberry-perl\perl\bin;C:\Program Files\RabbitMQ Server\rabbitmq_server-3.8.5\sbin;C:\Program Files (x86)\Webex\Plugins;D:\Python3.6\Scripts\;D:\Python3.6\;C:\Program Files (x86)\Git\bin;C:\Program Files (x86)\Intel\Intel(R) Management Engine Components\iCLS\;C:\Program Files\Intel\Intel(R) Management Engine Components\iCLS\;C:\windows\system32;C:\windows;C:\windows\System32\Wbem;C:\windows\System32\WindowsPowerShell\v1.0\;C:\Program Files (x86)\Intel\Intel(R) Management Engine Components\DAL;C:\Program Files\Intel\Intel(R) Management Engine Components\DAL;C:\Program Files (x86)\Intel\Intel(R) Management Engine Components\IPT;C:\Program Files\Intel\Intel(R) Management Engine Components\IPT;C:\Program Files (x86)\WebEx\Productivity Tools;C:\Program Files (x86)\Sennheiser\SoftphoneSDK\;C:\Users\kenarayan\AppData\Local\Microsoft\WindowsApps;D:\java\Fiddler;C:\Users\kenarayan\AppData\Roaming\npm;C:\Users\kenarayan\AppData\Local\Programs\Microsoft VS Code\bin;C:\Users\kenarayan\AppData\Local\Microsoft\WindowsApps;D:\java\Graphviz2.38\bin;C:\Program Files\JetBrains\PyCharm Community Edition 2019.3.1\bin;;C:\HashiCorp\Vagrant\bin;C:\;D:\java\eclipse-jee-mars-2-win32-x86_64\eclipse;;."/>
    <property name="java.specification.name" value="Java Platform API Specification"/>
    <property name="java.class.version" value="51.0"/>
    <property name="sun.management.compiler" value="HotSpot 64-Bit Tiered Compilers"/>
    <property name="os.version" value="6.3"/>
    <property name="user.home" value="C:\Users\kenarayan\OneDrive - Amadeus Workplace"/>
    <property name="user.timezone" value="Asia/Calcutta"/>
    <property name="java.awt.printerjob" value="sun.awt.windows.WPrinterJob"/>
    <property name="java.specification.version" value="1.7"/>
    <property name="file.encoding" value="Cp1252"/>
    <property name="user.name" value="kenarayan"/>
    <property name="java.class.path" value="/D:/java/eclipse-jee-mars-2-win32-x86_64/eclipse/plugins/org.eclipse.m2e.maven.runtime_1.6.2.20150902-0001/jars/plexus-classworlds-2.5.2.jar"/>
    <property name="java.vm.specification.version" value="1.7"/>
    <property name="sun.arch.data.model" value="64"/>
    <property name="java.home" value="D:\java\jdk1.7.0_85\jre"/>
    <property name="sun.java.command" value="org.codehaus.plexus.classworlds.launcher.Launcher -B -s C:\Users\kenarayan\.m2\settings.xml install"/>
    <property name="java.specification.vendor" value="Oracle Corporation"/>
    <property name="user.language" value="en"/>
    <property name="awt.toolkit" value="sun.awt.windows.WToolkit"/>
    <property name="java.vm.info" value="mixed mode"/>
    <property name="java.version" value="1.7.0_85"/>
    <property name="java.ext.dirs" value="D:\java\jdk1.7.0_85\jre\lib\ext;C:\WINDOWS\Sun\Java\lib\ext"/>
    <property name="sun.boot.class.path" value="D:\java\jdk1.7.0_85\jre\lib\resources.jar;D:\java\jdk1.7.0_85\jre\lib\rt.jar;D:\java\jdk1.7.0_85\jre\lib\sunrsasign.jar;D:\java\jdk1.7.0_85\jre\lib\jsse.jar;D:\java\jdk1.7.0_85\jre\lib\jce.jar;D:\java\jdk1.7.0_85\jre\lib\charsets.jar;D:\java\jdk1.7.0_85\jre\lib\jfr.jar;D:\java\jdk1.7.0_85\jre\classes"/>
    <property name="java.vendor" value="Oracle Corporation"/>
    <property name="maven.home" value="D:\java\workspace\LeetCode\ApiRateLimiter\EMBEDDED"/>
    <property name="file.separator" value="\"/>
    <property name="java.vendor.url.bug" value="http://bugreport.sun.com/bugreport/"/>
    <property name="sun.cpu.endian" value="little"/>
    <property name="sun.io.unicode.encoding" value="UnicodeLittle"/>
    <property name="sun.desktop" value="windows"/>
    <property name="sun.cpu.isalist" value="amd64"/>
  </properties>
  <testcase time="0.019" classname="com.api.rate.limiter.ApiRateLimiter.TestSlidingWindowRateLimiter" name="testSlidingWindowRateLimitAddUserWithDenial"/>
  <testcase time="0" classname="com.api.rate.limiter.ApiRateLimiter.TestSlidingWindowRateLimiter" name="testSlidingWindowRateLimitWithDenial"/>
  <testcase time="0.001" classname="com.api.rate.limiter.ApiRateLimiter.TestSlidingWindowRateLimiter" name="testSlidingWindowRateLimitAddUser"/>
  <testcase time="0" classname="com.api.rate.limiter.ApiRateLimiter.TestSlidingWindowRateLimiter" name="testSlidingWindowRateLimitWithNoRequests"/>
  <testcase time="0" classname="com.api.rate.limiter.ApiRateLimiter.TestSlidingWindowRateLimiter" name="testSlidingWindowRateLimitAddUserWithoutDenial"/>
</testsuite>